Using pre-set license
Built from '2021.3/staging' branch; Version is '2021.3.21f1 (1b156197d683) revision 1774945'; Using compiler version '192829333'; Build Type 'Release'
OS: 'Windows 10  (10.0.19044) 64bit Professional' Language: 'es' Physical Memory: 15300 MB
BatchMode: 1, IsHumanControllingUs: 0, StartBugReporterOnCrash: 0, Is64bit: 1, IsPro: 1

COMMAND LINE ARGUMENTS:
C:\Program Files\Unity\Hub\Editor\2021.3.21f1\Editor\Unity.exe
-adb2
-batchMode
-noUpm
-name
AssetImportWorker0
-projectPath
C:/Users/Usuario/Desktop/MainProject
-logFile
Logs/AssetImportWorker0.log
-srvPort
58479
Successfully changed project path to: C:/Users/Usuario/Desktop/MainProject
C:/Users/Usuario/Desktop/MainProject
[UnityMemory] Configuration Parameters - Can be set up in boot.config
    "memorysetup-bucket-allocator-granularity=16"
    "memorysetup-bucket-allocator-bucket-count=8"
    "memorysetup-bucket-allocator-block-size=33554432"
    "memorysetup-bucket-allocator-block-count=8"
    "memorysetup-main-allocator-block-size=16777216"
    "memorysetup-thread-allocator-block-size=16777216"
    "memorysetup-gfx-main-allocator-block-size=16777216"
    "memorysetup-gfx-thread-allocator-block-size=16777216"
    "memorysetup-cache-allocator-block-size=4194304"
    "memorysetup-typetree-allocator-block-size=2097152"
    "memorysetup-profiler-bucket-allocator-granularity=16"
    "memorysetup-profiler-bucket-allocator-bucket-count=8"
    "memorysetup-profiler-bucket-allocator-block-size=33554432"
    "memorysetup-profiler-bucket-allocator-block-count=8"
    "memorysetup-profiler-allocator-block-size=16777216"
    "memorysetup-profiler-editor-allocator-block-size=1048576"
    "memorysetup-temp-allocator-size-main=16777216"
    "memorysetup-job-temp-allocator-block-size=2097152"
    "memorysetup-job-temp-allocator-block-size-background=1048576"
    "memorysetup-job-temp-allocator-reduction-small-platforms=262144"
    "memorysetup-temp-allocator-size-background-worker=32768"
    "memorysetup-temp-allocator-size-job-worker=262144"
    "memorysetup-temp-allocator-size-preload-manager=33554432"
    "memorysetup-temp-allocator-size-nav-mesh-worker=65536"
    "memorysetup-temp-allocator-size-audio-worker=65536"
    "memorysetup-temp-allocator-size-cloud-worker=32768"
    "memorysetup-temp-allocator-size-gi-baking-worker=262144"
    "memorysetup-temp-allocator-size-gfx=262144"
Player connection [11756] Host "[IP] 192.168.1.5 [Port] 0 [Flags] 2 [Guid] 1998832801 [EditorId] 1998832801 [Version] 1048832 [Id] WindowsEditor(7,DESKTOP-SSQ2P1C) [Debug] 1 [PackageName] WindowsEditor [ProjectName] Editor" joined multi-casting on [225.0.0.222:54997]...

Player connection [11756] Host "[IP] 192.168.1.5 [Port] 0 [Flags] 2 [Guid] 1998832801 [EditorId] 1998832801 [Version] 1048832 [Id] WindowsEditor(7,DESKTOP-SSQ2P1C) [Debug] 1 [PackageName] WindowsEditor [ProjectName] Editor" joined alternative multi-casting on [225.0.0.222:34997]...

Refreshing native plugins compatible for Editor in 172.32 ms, found 3 plugins.
Preloading 0 native plugins for Editor in 0.00 ms.
Initialize engine version: 2021.3.21f1 (1b156197d683)
[Subsystems] Discovering subsystems at path C:/Program Files/Unity/Hub/Editor/2021.3.21f1/Editor/Data/Resources/UnitySubsystems
[Subsystems] Discovering subsystems at path C:/Users/Usuario/Desktop/MainProject/Assets
GfxDevice: creating device client; threaded=0; jobified=0
Direct3D:
    Version:  Direct3D 11.0 [level 11.1]
    Renderer: AMD Radeon R5 Graphics (ID=0x9874)
    Vendor:   ATI
    VRAM:     7650 MB
    Driver:   27.20.1034.6
Initialize mono
Mono path[0] = 'C:/Program Files/Unity/Hub/Editor/2021.3.21f1/Editor/Data/Managed'
Mono path[1] = 'C:/Program Files/Unity/Hub/Editor/2021.3.21f1/Editor/Data/MonoBleedingEdge/lib/mono/unityjit-win32'
Mono config path = 'C:/Program Files/Unity/Hub/Editor/2021.3.21f1/Editor/Data/MonoBleedingEdge/etc'
Using monoOptions --debugger-agent=transport=dt_socket,embedding=1,server=y,suspend=n,address=127.0.0.1:56060
Begin MonoManager ReloadAssembly
Registering precompiled unity dll's ...
Register platform support module: C:/Program Files/Unity/Hub/Editor/2021.3.21f1/Editor/Data/PlaybackEngines/WindowsStandaloneSupport/UnityEditor.WindowsStandalone.Extensions.dll
Registered in 0.027977 seconds.
Native extension for WindowsStandalone target not found
Refreshing native plugins compatible for Editor in 332.77 ms, found 3 plugins.
Preloading 0 native plugins for Editor in 0.00 ms.
Mono: successfully reloaded assembly
- Completed reload, in  3.464 seconds
Domain Reload Profiling:
	ReloadAssembly (3479ms)
		BeginReloadAssembly (365ms)
			ExecutionOrderSort (0ms)
			DisableScriptedObjects (0ms)
			BackupInstance (0ms)
			ReleaseScriptingObjects (0ms)
			CreateAndSetChildDomain (2ms)
		EndReloadAssembly (2804ms)
			LoadAssemblies (356ms)
			RebuildTransferFunctionScriptingTraits (0ms)
			SetupTypeCache (284ms)
			ReleaseScriptCaches (0ms)
			RebuildScriptCaches (64ms)
			SetupLoadedEditorAssemblies (2318ms)
				LogAssemblyErrors (0ms)
				InitializePlatformSupportModulesInManaged (21ms)
				SetLoadedEditorAssemblies (0ms)
				RefreshPlugins (333ms)
				BeforeProcessingInitializeOnLoad (7ms)
				ProcessInitializeOnLoadAttributes (1343ms)
				ProcessInitializeOnLoadMethodAttributes (613ms)
				AfterProcessingInitializeOnLoad (0ms)
				EditorAssembliesLoaded (0ms)
			ExecutionOrderSort2 (0ms)
			AwakeInstancesAfterBackupRestoration (0ms)
Platform modules already initialized, skipping
Registering precompiled user dll's ...
Registered in 0.025886 seconds.
Begin MonoManager ReloadAssembly
Symbol file LoadedFromMemory doesn't match image C:\Users\Usuario\Desktop\MainProject\Library\PackageCache\com.unity.visualscripting@1.8.0\Editor\VisualScripting.Core\Dependencies\YamlDotNet\Unity.VisualScripting.YamlDotNet.dll
Symbol file LoadedFromMemory doesn't match image C:\Users\Usuario\Desktop\MainProject\Library\PackageCache\com.unity.visualscripting@1.8.0\Editor\VisualScripting.Core\Dependencies\DotNetZip\Unity.VisualScripting.IonicZip.dll
Native extension for WindowsStandalone target not found
Refreshing native plugins compatible for Editor in 169.50 ms, found 3 plugins.
Preloading 0 native plugins for Editor in 0.00 ms.
Mono: successfully reloaded assembly
- Completed reload, in  2.611 seconds
Domain Reload Profiling:
	ReloadAssembly (2613ms)
		BeginReloadAssembly (292ms)
			ExecutionOrderSort (0ms)
			DisableScriptedObjects (11ms)
			BackupInstance (0ms)
			ReleaseScriptingObjects (0ms)
			CreateAndSetChildDomain (37ms)
		EndReloadAssembly (2074ms)
			LoadAssemblies (263ms)
			RebuildTransferFunctionScriptingTraits (0ms)
			SetupTypeCache (558ms)
			ReleaseScriptCaches (3ms)
			RebuildScriptCaches (173ms)
			SetupLoadedEditorAssemblies (1049ms)
				LogAssemblyErrors (0ms)
				InitializePlatformSupportModulesInManaged (12ms)
				SetLoadedEditorAssemblies (0ms)
				RefreshPlugins (170ms)
				BeforeProcessingInitializeOnLoad (184ms)
				ProcessInitializeOnLoadAttributes (484ms)
				ProcessInitializeOnLoadMethodAttributes (174ms)
				AfterProcessingInitializeOnLoad (25ms)
				EditorAssembliesLoaded (0ms)
			ExecutionOrderSort2 (0ms)
			AwakeInstancesAfterBackupRestoration (14ms)
Platform modules already initialized, skipping
========================================================================
Worker process is ready to serve import requests
Launched and connected shader compiler UnityShaderCompiler.exe after 0.12 seconds
Refreshing native plugins compatible for Editor in 1.68 ms, found 3 plugins.
Preloading 0 native plugins for Editor in 0.00 ms.
Unloading 4706 Unused Serialized files (Serialized files now loaded: 0)
Unloading 31 unused Assets / (0.7 MB). Loaded Objects now: 5159.
Memory consumption went from 189.0 MB to 188.2 MB.
Total: 6.865600 ms (FindLiveObjects: 0.714100 ms CreateObjectMapping: 0.434300 ms MarkObjects: 5.109500 ms  DeleteObjects: 0.605300 ms)

AssetImportParameters requested are different than current active one (requested -> active):
  custom:video-decoder-ogg-theora: a1e56fd34408186e4bbccfd4996cb3dc -> 
  custom:container-muxer-webm: aa71ff27fc2769a1b78a27578f13a17b -> 
  custom:container-demuxer-webm: 4f35f7cbe854078d1ac9338744f61a02 -> 
  custom:video-encoder-webm-vp8: eb34c28f22e8b96e1ab97ce403110664 -> 
  custom:audio-encoder-webm-vorbis: bf7c407c2cedff20999df2af8eb42d56 -> 
  custom:framework-win-MediaFoundation: 216162199b28c13a410421893ffa2e32 -> 
  custom:container-demuxer-ogg: 62fdf1f143b41e24485cea50d1cbac27 -> 
  custom:video-decoder-webm-vp8: 9c59270c3fd7afecdb556c50c9e8de78 -> 
  custom:audio-decoder-ogg-vorbis: bf7c407c2cedff20999df2af8eb42d56 -> 
========================================================================
Received Import Request.
  Time since last request: 592734.097207 seconds.
  path: Assets/UniversalRenderPipelineGlobalSettings.asset
  artifactKey: Guid(18dc0cd2c080841dea60987a38ce93fa) Importer(815301076,1909f56bfc062723c751e8b465ee728b)
Start importing Assets/UniversalRenderPipelineGlobalSettings.asset using Guid(18dc0cd2c080841dea60987a38ce93fa) Importer(815301076,1909f56bfc062723c751e8b465ee728b)  -> (artifact id: '92801cae1a897d946050a0dfa8d20fcb') in 0.125195 seconds 
========================================================================
Received Import Request.
  Time since last request: 0.000256 seconds.
  path: Assets/Readme.asset
  artifactKey: Guid(8105016687592461f977c054a80ce2f2) Importer(815301076,1909f56bfc062723c751e8b465ee728b)
Start importing Assets/Readme.asset using Guid(8105016687592461f977c054a80ce2f2) Importer(815301076,1909f56bfc062723c751e8b465ee728b)  -> (artifact id: '3f8df6bccfaeea7c160e2ca3bda91111') in 0.010909 seconds 
========================================================================
Received Import Request.
  Time since last request: 2715.785329 seconds.
  path: Assets/Settings/SampleSceneProfile.asset
  artifactKey: Guid(a6560a915ef98420e9faacc1c7438823) Importer(815301076,1909f56bfc062723c751e8b465ee728b)
Start importing Assets/Settings/SampleSceneProfile.asset using Guid(a6560a915ef98420e9faacc1c7438823) Importer(815301076,1909f56bfc062723c751e8b465ee728b)  -> (artifact id: '02f33001e61b96e1ee80af89351c2fd9') in 0.022532 seconds 
========================================================================
Received Import Request.
  Time since last request: 0.000043 seconds.
  path: Assets/Settings/URP-HighFidelity.asset
  artifactKey: Guid(7b7fd9122c28c4d15b667c7040e3b3fd) Importer(815301076,1909f56bfc062723c751e8b465ee728b)
Start importing Assets/Settings/URP-HighFidelity.asset using Guid(7b7fd9122c28c4d15b667c7040e3b3fd) Importer(815301076,1909f56bfc062723c751e8b465ee728b)  -> (artifact id: 'e034af0bc13de21932d85eeaa5ab7bb1') in 0.029751 seconds 
========================================================================
Received Import Request.
  Time since last request: 0.000096 seconds.
  path: Assets/Settings/URP-Performant-Renderer.asset
  artifactKey: Guid(707360a9c581a4bd7aa53bfeb1429f71) Importer(815301076,1909f56bfc062723c751e8b465ee728b)
Start importing Assets/Settings/URP-Performant-Renderer.asset using Guid(707360a9c581a4bd7aa53bfeb1429f71) Importer(815301076,1909f56bfc062723c751e8b465ee728b)  -> (artifact id: 'e9049495a59127491b804e934473a872') in 0.024150 seconds 
========================================================================
Received Import Request.
  Time since last request: 0.000046 seconds.
  path: Assets/Settings/URP-HighFidelity-Renderer.asset
  artifactKey: Guid(c40be3174f62c4acf8c1216858c64956) Importer(815301076,1909f56bfc062723c751e8b465ee728b)
Start importing Assets/Settings/URP-HighFidelity-Renderer.asset using Guid(c40be3174f62c4acf8c1216858c64956) Importer(815301076,1909f56bfc062723c751e8b465ee728b)  -> (artifact id: '397b7ba456cecbd492cff0e1bd5e5364') in 0.021032 seconds 
========================================================================
Received Import Request.
  Time since last request: 0.000120 seconds.
  path: Assets/Settings/URP-Performant.asset
  artifactKey: Guid(d0e2fc18fe036412f8223b3b3d9ad574) Importer(815301076,1909f56bfc062723c751e8b465ee728b)
Start importing Assets/Settings/URP-Performant.asset using Guid(d0e2fc18fe036412f8223b3b3d9ad574) Importer(815301076,1909f56bfc062723c751e8b465ee728b)  -> (artifact id: '726110fefa6f795975c31be478fb6d81') in 0.025997 seconds 
========================================================================
Received Import Request.
  Time since last request: 0.000064 seconds.
  path: Assets/Settings/URP-Balanced-Renderer.asset
  artifactKey: Guid(e634585d5c4544dd297acaee93dc2beb) Importer(815301076,1909f56bfc062723c751e8b465ee728b)
Start importing Assets/Settings/URP-Balanced-Renderer.asset using Guid(e634585d5c4544dd297acaee93dc2beb) Importer(815301076,1909f56bfc062723c751e8b465ee728b)  -> (artifact id: '09aafc974b666af6f99d5fea40e8e289') in 0.026821 seconds 
========================================================================
Received Import Request.
  Time since last request: 0.000044 seconds.
  path: Assets/Settings/URP-Balanced.asset
  artifactKey: Guid(e1260c1148f6143b28bae5ace5e9c5d1) Importer(815301076,1909f56bfc062723c751e8b465ee728b)
Start importing Assets/Settings/URP-Balanced.asset using Guid(e1260c1148f6143b28bae5ace5e9c5d1) Importer(815301076,1909f56bfc062723c751e8b465ee728b)  -> (artifact id: '1b4b95d1aec41c35b85cd9ea641ae9a4') in 0.019664 seconds 
========================================================================
Received Import Request.
  Time since last request: 5.974392 seconds.
  path: Assets/Scenes
  artifactKey: Guid(9c53962885c2c4f449125a979d6ad240) Importer(815301076,1909f56bfc062723c751e8b465ee728b)
Start importing Assets/Scenes using Guid(9c53962885c2c4f449125a979d6ad240) Importer(815301076,1909f56bfc062723c751e8b465ee728b)  -> (artifact id: '44000731eefaa2df786a4250c6d5ad93') in 0.016126 seconds 
========================================================================
Received Import Request.
  Time since last request: 23.245479 seconds.
  path: Assets/Scenes/Francisco.unity
  artifactKey: Guid(1e96a10e74af51f449ada16bfbd74f75) Importer(815301076,1909f56bfc062723c751e8b465ee728b)
Start importing Assets/Scenes/Francisco.unity using Guid(1e96a10e74af51f449ada16bfbd74f75) Importer(815301076,1909f56bfc062723c751e8b465ee728b)  -> (artifact id: '2ba685665a9c4c6c57aa56eb97dc71bb') in 0.020963 seconds 
========================================================================
Received Import Request.
  Time since last request: 20.483318 seconds.
  path: Assets
  artifactKey: Guid(00000000000000001000000000000000) Importer(815301076,1909f56bfc062723c751e8b465ee728b)
Start importing Assets using Guid(00000000000000001000000000000000) Importer(815301076,1909f56bfc062723c751e8b465ee728b)  -> (artifact id: '79842766b460edbeab6a34051e857a80') in 0.022992 seconds 
========================================================================
Received Import Request.
  Time since last request: 21.216290 seconds.
  path: Assets/Scripts
  artifactKey: Guid(4fad39496edd344478f98bd472f71082) Importer(815301076,1909f56bfc062723c751e8b465ee728b)
Start importing Assets/Scripts using Guid(4fad39496edd344478f98bd472f71082) Importer(815301076,1909f56bfc062723c751e8b465ee728b)  -> (artifact id: 'db0ea63cc995f5bc7b0876edabb427b7') in 0.014782 seconds 
========================================================================
Received Import Request.
  Time since last request: 11.248999 seconds.
  path: Assets/Models
  artifactKey: Guid(f84b1885e464214478fd5d2bf8069872) Importer(815301076,1909f56bfc062723c751e8b465ee728b)
Start importing Assets/Models using Guid(f84b1885e464214478fd5d2bf8069872) Importer(815301076,1909f56bfc062723c751e8b465ee728b)  -> (artifact id: '55948b55547abf04d2ca24746759d626') in 0.018532 seconds 
========================================================================
Received Import Request.
  Time since last request: 12.587734 seconds.
  path: Assets/Prefabs
  artifactKey: Guid(5c80ac62165df1345b1ccacfba75ab33) Importer(815301076,1909f56bfc062723c751e8b465ee728b)
Start importing Assets/Prefabs using Guid(5c80ac62165df1345b1ccacfba75ab33) Importer(815301076,1909f56bfc062723c751e8b465ee728b)  -> (artifact id: 'ad750c86aa6795676f555739c224c677') in 0.015652 seconds 
========================================================================
Received Import Request.
  Time since last request: 2429.351979 seconds.
  path: Assets/Models/camino.fbx
  artifactKey: Guid(756be7dd47534be45b48ef16741a5fe4) Importer(815301076,1909f56bfc062723c751e8b465ee728b)
Start importing Assets/Models/camino.fbx using Guid(756be7dd47534be45b48ef16741a5fe4) Importer(815301076,1909f56bfc062723c751e8b465ee728b)  -> (artifact id: '5a55e370656ac20944b73654220215d7') in 14.089250 seconds 
========================================================================
Received Import Request.
  Time since last request: 36.556148 seconds.
  path: Assets/Material
  artifactKey: Guid(def13910e4937d941b03ecf8cbce94e6) Importer(815301076,1909f56bfc062723c751e8b465ee728b)
Start importing Assets/Material using Guid(def13910e4937d941b03ecf8cbce94e6) Importer(815301076,1909f56bfc062723c751e8b465ee728b)  -> (artifact id: '2d27486cd7334ce20c30e661aea1591c') in 0.018234 seconds 
========================================================================
Received Import Request.
  Time since last request: 14.374179 seconds.
  path: Assets/Materials
  artifactKey: Guid(def13910e4937d941b03ecf8cbce94e6) Importer(815301076,1909f56bfc062723c751e8b465ee728b)
Start importing Assets/Materials using Guid(def13910e4937d941b03ecf8cbce94e6) Importer(815301076,1909f56bfc062723c751e8b465ee728b)  -> (artifact id: '5cfd601753066f7585192383ca8d47a9') in 0.018537 seconds 
========================================================================
Received Import Request.
  Time since last request: 10.926229 seconds.
  path: Assets/Materials/New Material.mat
  artifactKey: Guid(877b590c11f16224e932b3fa7350f306) Importer(815301076,1909f56bfc062723c751e8b465ee728b)
Start importing Assets/Materials/New Material.mat using Guid(877b590c11f16224e932b3fa7350f306) Importer(815301076,1909f56bfc062723c751e8b465ee728b)  -> (artifact id: 'ef23891137fac98fdd659502d8b1bac4') in 0.228137 seconds 
========================================================================
Received Import Request.
  Time since last request: 3.222395 seconds.
  path: Packages/com.unity.textmeshpro/Editor Resources/Textures/btn_AlignBaseLine.psd
  artifactKey: Guid(8bc445bb79654bf496c92d0407840a92) Importer(815301076,1909f56bfc062723c751e8b465ee728b)
Start importing Packages/com.unity.textmeshpro/Editor Resources/Textures/btn_AlignBaseLine.psd using Guid(8bc445bb79654bf496c92d0407840a92) Importer(815301076,1909f56bfc062723c751e8b465ee728b)  -> (artifact id: 'bc9f78acb72bf690407f75eba1e8d774') in 0.293193 seconds 
========================================================================
Received Import Request.
  Time since last request: 0.000056 seconds.
  path: Packages/com.unity.textmeshpro/Editor Resources/Textures/btn_AlignBaseLine_Light.psd
  artifactKey: Guid(18775b51e3bd42299fd30bd036ea982f) Importer(815301076,1909f56bfc062723c751e8b465ee728b)
Start importing Packages/com.unity.textmeshpro/Editor Resources/Textures/btn_AlignBaseLine_Light.psd using Guid(18775b51e3bd42299fd30bd036ea982f) Importer(815301076,1909f56bfc062723c751e8b465ee728b)  -> (artifact id: '171a37ac14e11780d4d711db7f4df059') in 0.064363 seconds 
========================================================================
Received Import Request.
  Time since last request: 0.000064 seconds.
  path: Packages/com.unity.textmeshpro/Editor Resources/Textures/btn_AlignCapLine.psd
  artifactKey: Guid(0d9a36012a224080966c7b55896aa0f9) Importer(815301076,1909f56bfc062723c751e8b465ee728b)
Start importing Packages/com.unity.textmeshpro/Editor Resources/Textures/btn_AlignCapLine.psd using Guid(0d9a36012a224080966c7b55896aa0f9) Importer(815301076,1909f56bfc062723c751e8b465ee728b)  -> (artifact id: '9d79debc409e3b909046c8534933b0b8') in 0.068960 seconds 
========================================================================
Received Import Request.
  Time since last request: 0.000049 seconds.
  path: Packages/com.unity.textmeshpro/Editor Resources/Textures/btn_AlignBottom.psd
  artifactKey: Guid(ca51b19024094d1b87f3e07edb0a75fb) Importer(815301076,1909f56bfc062723c751e8b465ee728b)
Start importing Packages/com.unity.textmeshpro/Editor Resources/Textures/btn_AlignBottom.psd using Guid(ca51b19024094d1b87f3e07edb0a75fb) Importer(815301076,1909f56bfc062723c751e8b465ee728b)  -> (artifact id: '386add621f4bfe34231ec5382100ea8c') in 0.111203 seconds 
========================================================================
Received Import Request.
  Time since last request: 0.000768 seconds.
  path: Packages/com.unity.textmeshpro/Editor Resources/Textures/btn_AlignCenter.psd
  artifactKey: Guid(81ed8c76d2bc4a4c95d092c98af4e58f) Importer(815301076,1909f56bfc062723c751e8b465ee728b)
Start importing Packages/com.unity.textmeshpro/Editor Resources/Textures/btn_AlignCenter.psd using Guid(81ed8c76d2bc4a4c95d092c98af4e58f) Importer(815301076,1909f56bfc062723c751e8b465ee728b)  -> (artifact id: 'a0b29fca6685536ad58da228935d4ad8') in 0.022303 seconds 
========================================================================
Received Import Request.
  Time since last request: 0.000832 seconds.
  path: Packages/com.unity.textmeshpro/Editor Resources/Textures/btn_AlignCenter_Light.psd
  artifactKey: Guid(6ace62d30f494c948b71d5594afce11d) Importer(815301076,1909f56bfc062723c751e8b465ee728b)
Start importing Packages/com.unity.textmeshpro/Editor Resources/Textures/btn_AlignCenter_Light.psd using Guid(6ace62d30f494c948b71d5594afce11d) Importer(815301076,1909f56bfc062723c751e8b465ee728b)  -> (artifact id: '83de49d12f139af04d1a47df532969ad') in 0.022913 seconds 
========================================================================
Received Import Request.
  Time since last request: 0.000728 seconds.
  path: Packages/com.unity.textmeshpro/Editor Resources/Textures/btn_AlignBottom_Light.psd
  artifactKey: Guid(585b70cb75dd43efbfead809c30a1731) Importer(815301076,1909f56bfc062723c751e8b465ee728b)
Start importing Packages/com.unity.textmeshpro/Editor Resources/Textures/btn_AlignBottom_Light.psd using Guid(585b70cb75dd43efbfead809c30a1731) Importer(815301076,1909f56bfc062723c751e8b465ee728b)  -> (artifact id: 'dce153cfe62d64a8b327179a6994965a') in 0.030112 seconds 
========================================================================
Received Import Request.
  Time since last request: 0.000873 seconds.
  path: Packages/com.unity.textmeshpro/Editor Resources/Textures/btn_AlignCapLine_Light.psd
  artifactKey: Guid(49679f302ac6408697f6b9314a38985c) Importer(815301076,1909f56bfc062723c751e8b465ee728b)
Start importing Packages/com.unity.textmeshpro/Editor Resources/Textures/btn_AlignCapLine_Light.psd using Guid(49679f302ac6408697f6b9314a38985c) Importer(815301076,1909f56bfc062723c751e8b465ee728b)  -> (artifact id: '32de5ce8785350192c82f2af3fa32d1c') in 0.025231 seconds 
========================================================================
Received Import Request.
  Time since last request: 72.927293 seconds.
  path: Assets/Prefabs/camino.fbx
  artifactKey: Guid(756be7dd47534be45b48ef16741a5fe4) Importer(815301076,1909f56bfc062723c751e8b465ee728b)
Start importing Assets/Prefabs/camino.fbx using Guid(756be7dd47534be45b48ef16741a5fe4) Importer(815301076,1909f56bfc062723c751e8b465ee728b)  -> (artifact id: '35338628f28e224c3c27ca0780b54707') in 0.082680 seconds 
========================================================================
Received Import Request.
  Time since last request: 16.268622 seconds.
  path: Assets/Prefabs/camino.fbx
  artifactKey: Guid(756be7dd47534be45b48ef16741a5fe4) Importer(815301076,1909f56bfc062723c751e8b465ee728b)
Start importing Assets/Prefabs/camino.fbx using Guid(756be7dd47534be45b48ef16741a5fe4) Importer(815301076,1909f56bfc062723c751e8b465ee728b)  -> (artifact id: '9b5534fd6b2b342eaf18d36701cd4efe') in 0.091120 seconds 
========================================================================
Received Import Request.
  Time since last request: 13.204192 seconds.
  path: Assets/Prefabs/camino.fbx
  artifactKey: Guid(756be7dd47534be45b48ef16741a5fe4) Importer(815301076,1909f56bfc062723c751e8b465ee728b)
Start importing Assets/Prefabs/camino.fbx using Guid(756be7dd47534be45b48ef16741a5fe4) Importer(815301076,1909f56bfc062723c751e8b465ee728b)  -> (artifact id: 'b324d4be73ed33eec19805d40fed4230') in 0.081305 seconds 
========================================================================
Received Import Request.
  Time since last request: 11.429533 seconds.
  path: Assets/Prefabs/camino.fbx
  artifactKey: Guid(756be7dd47534be45b48ef16741a5fe4) Importer(815301076,1909f56bfc062723c751e8b465ee728b)
Start importing Assets/Prefabs/camino.fbx using Guid(756be7dd47534be45b48ef16741a5fe4) Importer(815301076,1909f56bfc062723c751e8b465ee728b)  -> (artifact id: '3aa6757e8d7e7b3b4168fbda4ad28873') in 0.083777 seconds 
========================================================================
Received Import Request.
  Time since last request: 10.934080 seconds.
  path: Assets/Prefabs/camino.fbx
  artifactKey: Guid(756be7dd47534be45b48ef16741a5fe4) Importer(815301076,1909f56bfc062723c751e8b465ee728b)
Start importing Assets/Prefabs/camino.fbx using Guid(756be7dd47534be45b48ef16741a5fe4) Importer(815301076,1909f56bfc062723c751e8b465ee728b)  -> (artifact id: '4ccb754b04f65043c840131e471f208c') in 0.109913 seconds 
========================================================================
Received Import Request.
  Time since last request: 44.456663 seconds.
  path: Assets/Scenes/SampleScene.unity
  artifactKey: Guid(99c9720ab356a0642a771bea13969a05) Importer(815301076,1909f56bfc062723c751e8b465ee728b)
Start importing Assets/Scenes/SampleScene.unity using Guid(99c9720ab356a0642a771bea13969a05) Importer(815301076,1909f56bfc062723c751e8b465ee728b)  -> (artifact id: '6b773e12776492cc2c291c4c98904b7b') in 0.026259 seconds 
